Using pre-set license
Built from '2020.3/staging' branch; Version is '2020.3.26f1 (7298b473bc1a) revision 7510196'; Using compiler version '192528614'; Build Type 'Release'
OS: 'Windows 10  (10.0.19044) 64bit Core' Language: 'en' Physical Memory: 16339 MB
BatchMode: 1, IsHumanControllingUs: 0, StartBugReporterOnCrash: 0, Is64bit: 1, IsPro: 0

COMMAND LINE ARGUMENTS:
D:\Workspace\GameDev\Unity\2020.3.26f1\Editor\Unity.exe
-adb2
-batchMode
-noUpm
-name
AssetImportWorker0
-projectPath
D:/Workspace/Projects/Project_2022_Q01/Project_2022_Q01
-logFile
Logs/AssetImportWorker0.log
-srvPort
54614
Successfully changed project path to: D:/Workspace/Projects/Project_2022_Q01/Project_2022_Q01
D:/Workspace/Projects/Project_2022_Q01/Project_2022_Q01
Using Asset Import Pipeline V2.
Refreshing native plugins compatible for Editor in 37.95 ms, found 2 plugins.
Preloading 0 native plugins for Editor in 0.00 ms.
Initialize engine version: 2020.3.26f1 (7298b473bc1a)
[Subsystems] Discovering subsystems at path D:/Workspace/GameDev/Unity/2020.3.26f1/Editor/Data/Resources/UnitySubsystems
[Subsystems] Discovering subsystems at path D:/Workspace/Projects/Project_2022_Q01/Project_2022_Q01/Assets
GfxDevice: creating device client; threaded=0
Direct3D:
    Version:  Direct3D 11.0 [level 11.1]
    Renderer: NVIDIA GeForce GTX 1070 (ID=0x1b81)
    Vendor:   
    VRAM:     8088 MB
    Driver:   30.0.14.9709
Initialize mono
Mono path[0] = 'D:/Workspace/GameDev/Unity/2020.3.26f1/Editor/Data/Managed'
Mono path[1] = 'D:/Workspace/GameDev/Unity/2020.3.26f1/Editor/Data/MonoBleedingEdge/lib/mono/unityjit'
Mono config path = 'D:/Workspace/GameDev/Unity/2020.3.26f1/Editor/Data/MonoBleedingEdge/etc'
Using monoOptions --debugger-agent=transport=dt_socket,embedding=1,server=y,suspend=n,address=127.0.0.1:56244
Begin MonoManager ReloadAssembly
Registering precompiled unity dll's ...
Register platform support module: D:/Workspace/GameDev/Unity/2020.3.26f1/Editor/Data/PlaybackEngines/WebGLSupport/UnityEditor.WebGL.Extensions.dll
Register platform support module: D:/Workspace/GameDev/Unity/2020.3.26f1/Editor/Data/PlaybackEngines/WindowsStandaloneSupport/UnityEditor.WindowsStandalone.Extensions.dll
Registered in 0.001473 seconds.
Native extension for WindowsStandalone target not found
Native extension for WebGL target not found
Refreshing native plugins compatible for Editor in 26.79 ms, found 2 plugins.
Preloading 0 native plugins for Editor in 0.00 ms.
Mono: successfully reloaded assembly
- Completed reload, in  0.516 seconds
Domain Reload Profiling:
	ReloadAssembly (516ms)
		BeginReloadAssembly (50ms)
			ExecutionOrderSort (0ms)
			DisableScriptedObjects (0ms)
			BackupInstance (0ms)
			ReleaseScriptingObjects (0ms)
			CreateAndSetChildDomain (1ms)
		EndReloadAssembly (403ms)
			LoadAssemblies (50ms)
			RebuildTransferFunctionScriptingTraits (0ms)
			SetupTypeCache (144ms)
			ReleaseScriptCaches (0ms)
			RebuildScriptCaches (28ms)
			SetupLoadedEditorAssemblies (140ms)
				LogAssemblyErrors (0ms)
				InitializePlatformSupportModulesInManaged (4ms)
				SetLoadedEditorAssemblies (0ms)
				RefreshPlugins (27ms)
				BeforeProcessingInitializeOnLoad (7ms)
				ProcessInitializeOnLoadAttributes (75ms)
				ProcessInitializeOnLoadMethodAttributes (26ms)
				AfterProcessingInitializeOnLoad (0ms)
				EditorAssembliesLoaded (0ms)
			ExecutionOrderSort2 (0ms)
			AwakeInstancesAfterBackupRestoration (0ms)
Platform modules already initialized, skipping
Registering precompiled user dll's ...
Registered in 0.003195 seconds.
Begin MonoManager ReloadAssembly
Native extension for WindowsStandalone target not found
Native extension for WebGL target not found
Refreshing native plugins compatible for Editor in 0.30 ms, found 2 plugins.
Preloading 0 native plugins for Editor in 0.00 ms.
Mono: successfully reloaded assembly
- Completed reload, in  0.890 seconds
Domain Reload Profiling:
	ReloadAssembly (891ms)
		BeginReloadAssembly (132ms)
			ExecutionOrderSort (0ms)
			DisableScriptedObjects (4ms)
			BackupInstance (0ms)
			ReleaseScriptingObjects (0ms)
			CreateAndSetChildDomain (17ms)
		EndReloadAssembly (708ms)
			LoadAssemblies (78ms)
			RebuildTransferFunctionScriptingTraits (0ms)
			SetupTypeCache (254ms)
			ReleaseScriptCaches (0ms)
			RebuildScriptCaches (37ms)
			SetupLoadedEditorAssemblies (249ms)
				LogAssemblyErrors (0ms)
				InitializePlatformSupportModulesInManaged (5ms)
				SetLoadedEditorAssemblies (0ms)
				RefreshPlugins (0ms)
				BeforeProcessingInitializeOnLoad (45ms)
				ProcessInitializeOnLoadAttributes (186ms)
				ProcessInitializeOnLoadMethodAttributes (9ms)
				AfterProcessingInitializeOnLoad (3ms)
				EditorAssembliesLoaded (0ms)
			ExecutionOrderSort2 (0ms)
			AwakeInstancesAfterBackupRestoration (11ms)
Platform modules already initialized, skipping
========================================================================
Worker process is ready to serve import requests
Launched and connected shader compiler UnityShaderCompiler.exe after 0.05 seconds
Refreshing native plugins compatible for Editor in 0.52 ms, found 2 plugins.
Preloading 0 native plugins for Editor in 0.00 ms.
Unloading 1503 Unused Serialized files (Serialized files now loaded: 0)
System memory in use before: 67.5 MB.
System memory in use after: 67.6 MB.

Unloading 19 unused Assets to reduce memory usage. Loaded Objects now: 1935.
Total: 3.526000 ms (FindLiveObjects: 0.168300 ms CreateObjectMapping: 0.071000 ms MarkObjects: 3.206200 ms  DeleteObjects: 0.079300 ms)

AssetImportParameters requested are different than current active one (requested -> active):
  custom:framework-win-MediaFoundation: 216162199b28c13a410421893ffa2e32 -> 
  custom:video-decoder-ogg-theora: a1e56fd34408186e4bbccfd4996cb3dc -> 
  custom:container-muxer-webm: aa71ff27fc2769a1b78a27578f13a17b -> 
  custom:container-demuxer-webm: 4f35f7cbe854078d1ac9338744f61a02 -> 
  custom:container-demuxer-ogg: 62fdf1f143b41e24485cea50d1cbac27 -> 
  custom:video-encoder-webm-vp8: eb34c28f22e8b96e1ab97ce403110664 -> 
  custom:video-decoder-webm-vp8: 9c59270c3fd7afecdb556c50c9e8de78 -> 
  custom:audio-decoder-ogg-vorbis: bf7c407c2cedff20999df2af8eb42d56 -> 
  custom:audio-encoder-webm-vorbis: bf7c407c2cedff20999df2af8eb42d56 -> 
========================================================================
Received Import Request.
  path: Assets
  artifactKey: Guid(00000000000000001000000000000000) Importer(815301076,1909f56bfc062723c751e8b465ee728b)
Start importing Assets using Guid(00000000000000001000000000000000) Importer(815301076,1909f56bfc062723c751e8b465ee728b)  -> (artifact id: '42d402b061de3733987d63b9cc3b64de') in 0.010551 seconds 
  Import took 0.015203 seconds .

========================================================================
Received Import Request.
  Time since last request: 1.546291 seconds.
  path: Assets/Prefabs
  artifactKey: Guid(f421e4d2f6d07e340a4c00822d7ad70e) Importer(815301076,1909f56bfc062723c751e8b465ee728b)
Start importing Assets/Prefabs using Guid(f421e4d2f6d07e340a4c00822d7ad70e) Importer(815301076,1909f56bfc062723c751e8b465ee728b)  -> (artifact id: 'e61f343138fc73f1dfd140586a1f8a65') in 0.002174 seconds 
  Import took 0.004414 seconds .

========================================================================
Received Import Request.
  Time since last request: 4.822823 seconds.
  path: Assets/Materials
  artifactKey: Guid(50bcb0f68b047e34194382b1677ba7ce) Importer(815301076,1909f56bfc062723c751e8b465ee728b)
Start importing Assets/Materials using Guid(50bcb0f68b047e34194382b1677ba7ce) Importer(815301076,1909f56bfc062723c751e8b465ee728b)  -> (artifact id: '4cf739ebc07172117290d48008661d88') in 0.003140 seconds 
  Import took 0.006072 seconds .

========================================================================
Received Import Request.
  Time since last request: 6.449927 seconds.
  path: Assets/New Material.mat
  artifactKey: Guid(a5069b34c8420dd4c9d6908cfea68684) Importer(815301076,1909f56bfc062723c751e8b465ee728b)
Start importing Assets/New Material.mat using Guid(a5069b34c8420dd4c9d6908cfea68684) Importer(815301076,1909f56bfc062723c751e8b465ee728b)  -> (artifact id: 'c9d5e032eda6e2f92d2a7b4d19d06a87') in 0.146765 seconds 
  Import took 0.149515 seconds .

========================================================================
Received Import Request.
  Time since last request: 4.961028 seconds.
  path: Assets/Black.mat
  artifactKey: Guid(a5069b34c8420dd4c9d6908cfea68684) Importer(815301076,1909f56bfc062723c751e8b465ee728b)
Start importing Assets/Black.mat using Guid(a5069b34c8420dd4c9d6908cfea68684) Importer(815301076,1909f56bfc062723c751e8b465ee728b)  -> (artifact id: '6d89a64367dcd60e6f0c52084837fa19') in 0.009918 seconds 
  Import took 0.012559 seconds .

========================================================================
Received Import Request.
  Time since last request: 11.064701 seconds.
  path: Assets/Materials/Black 1.mat
  artifactKey: Guid(dd8179cd8b90f314da87a4a314acf5c7) Importer(815301076,1909f56bfc062723c751e8b465ee728b)
Start importing Assets/Materials/Black 1.mat using Guid(dd8179cd8b90f314da87a4a314acf5c7) Importer(815301076,1909f56bfc062723c751e8b465ee728b)  -> (artifact id: 'e152bdb36107dc03d55a11fc7512fb61') in 0.009661 seconds 
  Import took 0.012958 seconds .

========================================================================
Received Import Request.
  Time since last request: 0.000437 seconds.
  path: Assets/Materials/Black.mat
  artifactKey: Guid(a5069b34c8420dd4c9d6908cfea68684) Importer(815301076,1909f56bfc062723c751e8b465ee728b)
Start importing Assets/Materials/Black.mat using Guid(a5069b34c8420dd4c9d6908cfea68684) Importer(815301076,1909f56bfc062723c751e8b465ee728b)  -> (artifact id: 'da6b2f3a70aa092e7e657a4e47f0c705') in 0.009726 seconds 
  Import took 0.013303 seconds .

========================================================================
Received Import Request.
  Time since last request: 43.511535 seconds.
  path: Assets/Materials/Green.mat
  artifactKey: Guid(dd8179cd8b90f314da87a4a314acf5c7) Importer(815301076,1909f56bfc062723c751e8b465ee728b)
Start importing Assets/Materials/Green.mat using Guid(dd8179cd8b90f314da87a4a314acf5c7) Importer(815301076,1909f56bfc062723c751e8b465ee728b)  -> (artifact id: '9c2dee346e12f182bffa5017d53f19e3') in 0.009981 seconds 
  Import took 0.013356 seconds .

========================================================================
Received Import Request.
  Time since last request: 1.527461 seconds.
  path: Assets/Materials/Green 1.mat
  artifactKey: Guid(8d8be2bdf2bccdf4d920e59b0f4181e2) Importer(815301076,1909f56bfc062723c751e8b465ee728b)
Start importing Assets/Materials/Green 1.mat using Guid(8d8be2bdf2bccdf4d920e59b0f4181e2) Importer(815301076,1909f56bfc062723c751e8b465ee728b)  -> (artifact id: '11028d32e77d93a26a794203214a2096') in 0.008887 seconds 
  Import took 0.011514 seconds .

========================================================================
Received Import Request.
  Time since last request: 4.961388 seconds.
  path: Assets/Materials/White.mat
  artifactKey: Guid(8d8be2bdf2bccdf4d920e59b0f4181e2) Importer(815301076,1909f56bfc062723c751e8b465ee728b)
Start importing Assets/Materials/White.mat using Guid(8d8be2bdf2bccdf4d920e59b0f4181e2) Importer(815301076,1909f56bfc062723c751e8b465ee728b)  -> (artifact id: 'a79f38cdf76bf623525b6254e63b220a') in 0.007313 seconds 
  Import took 0.009765 seconds .

========================================================================
Received Import Request.
  Time since last request: 10.801255 seconds.
  path: Assets/Materials/White 1.mat
  artifactKey: Guid(ce656631c05df3040a8ea6bef8839b67) Importer(815301076,1909f56bfc062723c751e8b465ee728b)
Start importing Assets/Materials/White 1.mat using Guid(ce656631c05df3040a8ea6bef8839b67) Importer(815301076,1909f56bfc062723c751e8b465ee728b)  -> (artifact id: '0bc3e1b4cdf8c531fa552b411421fb5d') in 0.010848 seconds 
  Import took 0.015187 seconds .

========================================================================
Received Import Request.
  Time since last request: 0.000537 seconds.
  path: Assets/Materials/White.mat
  artifactKey: Guid(8d8be2bdf2bccdf4d920e59b0f4181e2) Importer(815301076,1909f56bfc062723c751e8b465ee728b)
Start importing Assets/Materials/White.mat using Guid(8d8be2bdf2bccdf4d920e59b0f4181e2) Importer(815301076,1909f56bfc062723c751e8b465ee728b)  -> (artifact id: '50a716e2f59570a98c2a612d01ad2686') in 0.011450 seconds 
  Import took 0.015961 seconds .

========================================================================
Received Import Request.
  Time since last request: 2.982483 seconds.
  path: Assets/Materials/Red.mat
  artifactKey: Guid(ce656631c05df3040a8ea6bef8839b67) Importer(815301076,1909f56bfc062723c751e8b465ee728b)
Start importing Assets/Materials/Red.mat using Guid(ce656631c05df3040a8ea6bef8839b67) Importer(815301076,1909f56bfc062723c751e8b465ee728b)  -> (artifact id: 'cdf8bce6c8269d8cc3471e2f0c8c55b7') in 0.008224 seconds 
  Import took 0.010569 seconds .

========================================================================
Received Import Request.
  Time since last request: 11.039027 seconds.
  path: Assets/Materials/Red.mat
  artifactKey: Guid(ce656631c05df3040a8ea6bef8839b67) Importer(815301076,1909f56bfc062723c751e8b465ee728b)
Start importing Assets/Materials/Red.mat using Guid(ce656631c05df3040a8ea6bef8839b67) Importer(815301076,1909f56bfc062723c751e8b465ee728b)  -> (artifact id: '997c1cc3472458124bc943070c753b1d') in 0.008578 seconds 
  Import took 0.011419 seconds .

========================================================================
Received Import Request.
  Time since last request: 0.000430 seconds.
  path: Assets/Materials/White 1.mat
  artifactKey: Guid(d09040f8b7d637e4e97a628c3f9eb3cf) Importer(815301076,1909f56bfc062723c751e8b465ee728b)
Start importing Assets/Materials/White 1.mat using Guid(d09040f8b7d637e4e97a628c3f9eb3cf) Importer(815301076,1909f56bfc062723c751e8b465ee728b)  -> (artifact id: 'bacae99877bee35af067f244859ac336') in 0.009080 seconds 
  Import took 0.011467 seconds .

========================================================================
Received Import Request.
  Time since last request: 9.634569 seconds.
  path: Assets/Materials/Yellow.mat
  artifactKey: Guid(d09040f8b7d637e4e97a628c3f9eb3cf) Importer(815301076,1909f56bfc062723c751e8b465ee728b)
Start importing Assets/Materials/Yellow.mat using Guid(d09040f8b7d637e4e97a628c3f9eb3cf) Importer(815301076,1909f56bfc062723c751e8b465ee728b)  -> (artifact id: '4bcfe823f5842f9ef359a9f44f3bc2a1') in 0.006938 seconds 
  Import took 0.009461 seconds .

========================================================================
Received Import Request.
  Time since last request: 9.284257 seconds.
  path: Assets/Materials/Yellow 1.mat
  artifactKey: Guid(d34cee0d14e733948a21b9791ac60a1c) Importer(815301076,1909f56bfc062723c751e8b465ee728b)
Start importing Assets/Materials/Yellow 1.mat using Guid(d34cee0d14e733948a21b9791ac60a1c) Importer(815301076,1909f56bfc062723c751e8b465ee728b)  -> (artifact id: 'c797f7e79e131c16b26dfb801343cf50') in 0.009854 seconds 
  Import took 0.012823 seconds .

========================================================================
Received Import Request.
  Time since last request: 0.000354 seconds.
  path: Assets/Materials/Yellow.mat
  artifactKey: Guid(d09040f8b7d637e4e97a628c3f9eb3cf) Importer(815301076,1909f56bfc062723c751e8b465ee728b)
Start importing Assets/Materials/Yellow.mat using Guid(d09040f8b7d637e4e97a628c3f9eb3cf) Importer(815301076,1909f56bfc062723c751e8b465ee728b)  -> (artifact id: '5d18d6398d1a13b4b12a43a658e9c845') in 0.010073 seconds 
  Import took 0.012677 seconds .

========================================================================
Received Import Request.
  Time since last request: 2.861252 seconds.
  path: Assets/Materials/Blue.mat
  artifactKey: Guid(d34cee0d14e733948a21b9791ac60a1c) Importer(815301076,1909f56bfc062723c751e8b465ee728b)
Start importing Assets/Materials/Blue.mat using Guid(d34cee0d14e733948a21b9791ac60a1c) Importer(815301076,1909f56bfc062723c751e8b465ee728b)  -> (artifact id: 'ff082150915a7f2178c81e818a7a3bbb') in 0.007363 seconds 
  Import took 0.009691 seconds .

========================================================================
Received Import Request.
  Time since last request: 8.360121 seconds.
  path: Assets/Materials/Blue.mat
  artifactKey: Guid(d34cee0d14e733948a21b9791ac60a1c) Importer(815301076,1909f56bfc062723c751e8b465ee728b)
Start importing Assets/Materials/Blue.mat using Guid(d34cee0d14e733948a21b9791ac60a1c) Importer(815301076,1909f56bfc062723c751e8b465ee728b)  -> (artifact id: 'c908ad94e368f75c1b17e386bd7009fc') in 0.012259 seconds 
  Import took 0.015925 seconds .

========================================================================
Received Import Request.
  Time since last request: 0.000380 seconds.
  path: Assets/Materials/Yellow 1.mat
  artifactKey: Guid(49b3bf6ba6a624a4f9251a68bbf792a1) Importer(815301076,1909f56bfc062723c751e8b465ee728b)
Start importing Assets/Materials/Yellow 1.mat using Guid(49b3bf6ba6a624a4f9251a68bbf792a1) Importer(815301076,1909f56bfc062723c751e8b465ee728b)  -> (artifact id: '6eb8b2c70a0e922332c32449f39f00ab') in 0.009153 seconds 
  Import took 0.012336 seconds .

========================================================================
Received Import Request.
  Time since last request: 2.669500 seconds.
  path: Assets/Materials/Orange.mat
  artifactKey: Guid(49b3bf6ba6a624a4f9251a68bbf792a1) Importer(815301076,1909f56bfc062723c751e8b465ee728b)
Start importing Assets/Materials/Orange.mat using Guid(49b3bf6ba6a624a4f9251a68bbf792a1) Importer(815301076,1909f56bfc062723c751e8b465ee728b)  -> (artifact id: '0f8737c0dcebddcfa895cc9b6e691175') in 0.007509 seconds 
  Import took 0.010177 seconds .

========================================================================
Received Import Request.
  Time since last request: 139.233987 seconds.
  path: Assets/Prefabs/Piece.prefab
  artifactKey: Guid(083946ac27c1ce844af20a5f322e035a) Importer(815301076,1909f56bfc062723c751e8b465ee728b)
Start importing Assets/Prefabs/Piece.prefab using Guid(083946ac27c1ce844af20a5f322e035a) Importer(815301076,1909f56bfc062723c751e8b465ee728b)  -> (artifact id: '3763da1e71ee8ca0175c9bae81f27fd9') in 0.062477 seconds 
  Import took 0.065409 seconds .

========================================================================
Received Prepare
Registering precompiled user dll's ...
Registered in 0.004237 seconds.
Begin MonoManager ReloadAssembly
Native extension for WindowsStandalone target not found
Native extension for WebGL target not found
Refreshing native plugins compatible for Editor in 0.30 ms, found 2 plugins.
Preloading 0 native plugins for Editor in 0.00 ms.
Mono: successfully reloaded assembly
- Completed reload, in  0.867 seconds
Domain Reload Profiling:
	ReloadAssembly (867ms)
		BeginReloadAssembly (108ms)
			ExecutionOrderSort (0ms)
			DisableScriptedObjects (4ms)
			BackupInstance (0ms)
			ReleaseScriptingObjects (0ms)
			CreateAndSetChildDomain (31ms)
		EndReloadAssembly (704ms)
			LoadAssemblies (102ms)
			RebuildTransferFunctionScriptingTraits (0ms)
			SetupTypeCache (261ms)
			ReleaseScriptCaches (1ms)
			RebuildScriptCaches (33ms)
			SetupLoadedEditorAssemblies (235ms)
				LogAssemblyErrors (0ms)
				InitializePlatformSupportModulesInManaged (4ms)
				SetLoadedEditorAssemblies (0ms)
				RefreshPlugins (0ms)
				BeforeProcessingInitializeOnLoad (40ms)
				ProcessInitializeOnLoadAttributes (179ms)
				ProcessInitializeOnLoadMethodAttributes (8ms)
				AfterProcessingInitializeOnLoad (2ms)
				EditorAssembliesLoaded (0ms)
			ExecutionOrderSort2 (0ms)
			AwakeInstancesAfterBackupRestoration (6ms)
Platform modules already initialized, skipping
Refreshing native plugins compatible for Editor in 0.32 ms, found 2 plugins.
Preloading 0 native plugins for Editor in 0.00 ms.
Unloading 1497 Unused Serialized files (Serialized files now loaded: 0)
System memory in use before: 70.7 MB.
System memory in use after: 70.8 MB.

Unloading 14 unused Assets to reduce memory usage. Loaded Objects now: 1978.
Total: 2.333300 ms (FindLiveObjects: 0.133100 ms CreateObjectMapping: 0.040100 ms MarkObjects: 2.145500 ms  DeleteObjects: 0.013300 ms)

AssetImportParameters requested are different than current active one (requested -> active):
  custom:framework-win-MediaFoundation: 216162199b28c13a410421893ffa2e32 -> 
  custom:video-decoder-ogg-theora: a1e56fd34408186e4bbccfd4996cb3dc -> 
  custom:container-muxer-webm: aa71ff27fc2769a1b78a27578f13a17b -> 
  custom:container-demuxer-webm: 4f35f7cbe854078d1ac9338744f61a02 -> 
  custom:container-demuxer-ogg: 62fdf1f143b41e24485cea50d1cbac27 -> 
  custom:video-encoder-webm-vp8: eb34c28f22e8b96e1ab97ce403110664 -> 
  custom:video-decoder-webm-vp8: 9c59270c3fd7afecdb556c50c9e8de78 -> 
  custom:audio-decoder-ogg-vorbis: bf7c407c2cedff20999df2af8eb42d56 -> 
  custom:audio-encoder-webm-vorbis: bf7c407c2cedff20999df2af8eb42d56 -> 
========================================================================
Received Import Request.
  Time since last request: 331.820066 seconds.
  path: Assets/Prefabs/Piece.prefab
  artifactKey: Guid(083946ac27c1ce844af20a5f322e035a) Importer(815301076,1909f56bfc062723c751e8b465ee728b)
Start importing Assets/Prefabs/Piece.prefab using Guid(083946ac27c1ce844af20a5f322e035a) Importer(815301076,1909f56bfc062723c751e8b465ee728b)  -> (artifact id: 'fe1152de1841d765e61def132a865790') in 0.062066 seconds 
  Import took 0.064495 seconds .

========================================================================
Received Import Request.
  Time since last request: 99.517570 seconds.
  path: Assets/Scenes
  artifactKey: Guid(6c66b84b638ef014cb032a22843b6bac) Importer(815301076,1909f56bfc062723c751e8b465ee728b)
Start importing Assets/Scenes using Guid(6c66b84b638ef014cb032a22843b6bac) Importer(815301076,1909f56bfc062723c751e8b465ee728b)  -> (artifact id: '3c4e7f1ce92ab03369303597ec1339cf') in 0.002011 seconds 
  Import took 0.004558 seconds .

========================================================================
Received Import Request.
  Time since last request: 1.113064 seconds.
  path: Assets/Scenes/SampleScene.unity
  artifactKey: Guid(9fc0d4010bbf28b4594072e72b8655ab) Importer(815301076,1909f56bfc062723c751e8b465ee728b)
Start importing Assets/Scenes/SampleScene.unity using Guid(9fc0d4010bbf28b4594072e72b8655ab) Importer(815301076,1909f56bfc062723c751e8b465ee728b)  -> (artifact id: '6a05bd5f06e287b5817355dc7b985014') in 0.003651 seconds 
  Import took 0.006055 seconds .

========================================================================
Received Import Request.
  Time since last request: 7.606185 seconds.
  path: Assets/Scenes/MainScene.unity
  artifactKey: Guid(9fc0d4010bbf28b4594072e72b8655ab) Importer(815301076,1909f56bfc062723c751e8b465ee728b)
Start importing Assets/Scenes/MainScene.unity using Guid(9fc0d4010bbf28b4594072e72b8655ab) Importer(815301076,1909f56bfc062723c751e8b465ee728b)  -> (artifact id: 'faee6fd396005fa94a1d49262cf7ac8e') in 0.002546 seconds 
  Import took 0.004917 seconds .

========================================================================
Received Prepare
Registering precompiled user dll's ...
Registered in 0.003391 seconds.
Begin MonoManager ReloadAssembly
Native extension for WindowsStandalone target not found
Native extension for WebGL target not found
Refreshing native plugins compatible for Editor in 0.30 ms, found 2 plugins.
Preloading 0 native plugins for Editor in 0.00 ms.
Mono: successfully reloaded assembly
- Completed reload, in  0.850 seconds
Domain Reload Profiling:
	ReloadAssembly (851ms)
		BeginReloadAssembly (90ms)
			ExecutionOrderSort (0ms)
			DisableScriptedObjects (4ms)
			BackupInstance (0ms)
			ReleaseScriptingObjects (0ms)
			CreateAndSetChildDomain (28ms)
		EndReloadAssembly (706ms)
			LoadAssemblies (84ms)
			RebuildTransferFunctionScriptingTraits (0ms)
			SetupTypeCache (270ms)
			ReleaseScriptCaches (1ms)
			RebuildScriptCaches (33ms)
			SetupLoadedEditorAssemblies (238ms)
				LogAssemblyErrors (0ms)
				InitializePlatformSupportModulesInManaged (5ms)
				SetLoadedEditorAssemblies (0ms)
				RefreshPlugins (0ms)
				BeforeProcessingInitializeOnLoad (42ms)
				ProcessInitializeOnLoadAttributes (181ms)
				ProcessInitializeOnLoadMethodAttributes (8ms)
				AfterProcessingInitializeOnLoad (2ms)
				EditorAssembliesLoaded (0ms)
			ExecutionOrderSort2 (0ms)
			AwakeInstancesAfterBackupRestoration (6ms)
Platform modules already initialized, skipping
Refreshing native plugins compatible for Editor in 0.43 ms, found 2 plugins.
Preloading 0 native plugins for Editor in 0.00 ms.
Unloading 1498 Unused Serialized files (Serialized files now loaded: 0)
System memory in use before: 70.8 MB.
System memory in use after: 70.9 MB.

Unloading 14 unused Assets to reduce memory usage. Loaded Objects now: 1982.
Total: 4.304000 ms (FindLiveObjects: 0.148700 ms CreateObjectMapping: 0.049300 ms MarkObjects: 4.077100 ms  DeleteObjects: 0.027800 ms)

AssetImportParameters requested are different than current active one (requested -> active):
  custom:framework-win-MediaFoundation: 216162199b28c13a410421893ffa2e32 -> 
  custom:video-decoder-ogg-theora: a1e56fd34408186e4bbccfd4996cb3dc -> 
  custom:container-muxer-webm: aa71ff27fc2769a1b78a27578f13a17b -> 
  custom:container-demuxer-webm: 4f35f7cbe854078d1ac9338744f61a02 -> 
  custom:container-demuxer-ogg: 62fdf1f143b41e24485cea50d1cbac27 -> 
  custom:video-encoder-webm-vp8: eb34c28f22e8b96e1ab97ce403110664 -> 
  custom:video-decoder-webm-vp8: 9c59270c3fd7afecdb556c50c9e8de78 -> 
  custom:audio-decoder-ogg-vorbis: bf7c407c2cedff20999df2af8eb42d56 -> 
  custom:audio-encoder-webm-vorbis: bf7c407c2cedff20999df2af8eb42d56 -> 
========================================================================
Received Prepare
Registering precompiled user dll's ...
Registered in 0.003215 seconds.
Begin MonoManager ReloadAssembly
Native extension for WindowsStandalone target not found
Native extension for WebGL target not found
Refreshing native plugins compatible for Editor in 0.31 ms, found 2 plugins.
Preloading 0 native plugins for Editor in 0.00 ms.
Mono: successfully reloaded assembly
- Completed reload, in  0.956 seconds
Domain Reload Profiling:
	ReloadAssembly (956ms)
		BeginReloadAssembly (109ms)
			ExecutionOrderSort (0ms)
			DisableScriptedObjects (5ms)
			BackupInstance (0ms)
			ReleaseScriptingObjects (0ms)
			CreateAndSetChildDomain (29ms)
		EndReloadAssembly (794ms)
			LoadAssemblies (89ms)
			RebuildTransferFunctionScriptingTraits (0ms)
			SetupTypeCache (257ms)
			ReleaseScriptCaches (1ms)
			RebuildScriptCaches (34ms)
			SetupLoadedEditorAssemblies (339ms)
				LogAssemblyErrors (0ms)
				InitializePlatformSupportModulesInManaged (5ms)
				SetLoadedEditorAssemblies (0ms)
				RefreshPlugins (0ms)
				BeforeProcessingInitializeOnLoad (57ms)
				ProcessInitializeOnLoadAttributes (266ms)
				ProcessInitializeOnLoadMethodAttributes (9ms)
				AfterProcessingInitializeOnLoad (3ms)
				EditorAssembliesLoaded (0ms)
			ExecutionOrderSort2 (0ms)
			AwakeInstancesAfterBackupRestoration (7ms)
Platform modules already initialized, skipping
Refreshing native plugins compatible for Editor in 0.30 ms, found 2 plugins.
Preloading 0 native plugins for Editor in 0.00 ms.
Unloading 1498 Unused Serialized files (Serialized files now loaded: 0)
System memory in use before: 70.8 MB.
System memory in use after: 70.9 MB.

Unloading 14 unused Assets to reduce memory usage. Loaded Objects now: 1984.
Total: 2.390800 ms (FindLiveObjects: 0.119100 ms CreateObjectMapping: 0.039200 ms MarkObjects: 2.212600 ms  DeleteObjects: 0.018800 ms)

AssetImportParameters requested are different than current active one (requested -> active):
  custom:framework-win-MediaFoundation: 216162199b28c13a410421893ffa2e32 -> 
  custom:video-decoder-ogg-theora: a1e56fd34408186e4bbccfd4996cb3dc -> 
  custom:container-muxer-webm: aa71ff27fc2769a1b78a27578f13a17b -> 
  custom:container-demuxer-webm: 4f35f7cbe854078d1ac9338744f61a02 -> 
  custom:container-demuxer-ogg: 62fdf1f143b41e24485cea50d1cbac27 -> 
  custom:video-encoder-webm-vp8: eb34c28f22e8b96e1ab97ce403110664 -> 
  custom:video-decoder-webm-vp8: 9c59270c3fd7afecdb556c50c9e8de78 -> 
  custom:audio-decoder-ogg-vorbis: bf7c407c2cedff20999df2af8eb42d56 -> 
  custom:audio-encoder-webm-vorbis: bf7c407c2cedff20999df2af8eb42d56 -> 
AssetImportWorkerClient::OnTransportError - code=2 error=End of file
